scottje:iHaWfS8TzWNLE,1170912465
millerr:gmU1Iqky7hu0Q,1172445641:9J87BF.ixLRlg,1172201400
ks3066:WW4HtHb75mEjc,1171795494:u206GZe0PJgFc,1169073999:lVZuTHwR8BDwY,1168322943:ue7sfbdvo1n46,1166656616:hky9lqX810Njo,1166569113
rootk:qynYhQMpsxeBs,1169171197:k77GLcnRHEIOc,1166657811
simpsonh:0enGg5nG.hJ1c,1173748749:2TA8ogOjrdGdc,1170645993:XQeDZ7BHczNsE,1170645434
kemisted:7j1Vfl4sjWdAs,1173065395:uUWIrxs0hmMzM,1173065065:N9Dm/6riEJuMk,1172194410
dbserver:wuGEJCg2P7S.E,1171416368
c9jt3917:JJjnBI5smCp..,1173418743:AmdVmgvl2Miik,1170642028:WTJ1e53XFR8os,1168320939:91ZxgxRMcNY/Q,1168311990:RVjP6hSxFBKCg,1168239221
wilsonl:pgg3V9CUA3P72,1172020738:xaGbXFhUOkfyQ,1172018518:15l8xhCA0R1Fg,1171414818
williss:G4nzt5aJCQZqE,1171929236
bolandj:ZRrRFDXTelK3o,1169076934
roganc:m1UmVnz1udDVA,1171242342:t8ZJFrspA3dLw,1171241898:s4Au64EUX4caI,1168234771:ilMo4SENr62D6,1168234175
marzis:FbBDwVjwT0lu2,1171414660:sLkGlfI9/XbCg,1171413955:6AJITKAoXaNoE,1171339785
graya:HbDM1WPkpluC6,1170199111:nheULpZ.9J0is,1168487220
quarterg:DybrQb/h1.XaQ,1171951035
johnsonl:QGDTe82AiEANw,1168235013:VnxUq4/bYHZMk,1168226527
herrmana:NPvdpLT9MAbNk,1168556496:wPt5NlbbwZN5M,1168493337
annablem:7Q85InZ6XgcAI,1172544090:KJcw.AQYGW0Cs,1169427351:2rU0xEEBPT8OQ,1168491879
bartonm:QAqyhJ8ioEOKk,1170388047:AAFjVqXUXM.qE,1170387699
croftm:51Leb8heyszLk,1170905064:6zrOC5jd0FUpc,1167709323:2XmaD5OdEjcPM,1166747343:tW.hYytxgyzX6,1166678600
cr2451:bJKZVkYnnK/ns,1171502513:ctkhjDu7SOQZM,1170273365:hIMJ/RdEagkhU,1167798589
kidde:S6hgBw/1tfDr.,1171424596:mgTt41baAOGu.,1171415256
kentc:qqYpejZhNuBjs,1173329447:4iiqIyO5F8Rqo,1170894909:lNAzeibBBOYWQ,1170644215:RbKpe5MLhDglY,1170644042:lGTDFIB5Yd8c.,1170639644:QIxfmdWJ.59mU,1170638020:O2PZyu30uKVtc,1170637207
bothi:h85pCvTa50JUU,1171578536:IIsTYVX6V41uE,1168907071
test:rfLOJTM7SOwUw,1166077074:toSW/63WZtRKM,1166077060
fof:a4FRKe82OWu2Q,1173395704:SRwohEEx41oUI,1173395621:7T6NfW2krFJ7c,1173395544:jl36WU32tGP1M,1172546754:GsoHJn6HEuLuY,1172546644
thompsop:n5T4NwKh67Svg,1169079595
skywalkl:ZgmUt2NuVjJRU,1173411281:mboZdVrPYhxpQ,1173411170:9oRLpkgGvkq7Q,1173404672:2eFzha7pzwfM.,1173404397:yrSxQx241ZRNU,1171503957:iAXuJQATAWx0s,1171257077
paschkom:66CZsOI5gdDRQ,1167892872
brindelp:AMlvNMvPc1guA,1172104939:BYM3VBLHLwmQw,1172104200:P4bepOSWdDeyI,1171409139:lHWihEb59MFNk,1170894860
somersa:OAGh3GbMvY8Cw,1168221092:o0hnbfIgyIPDE,1168219722
sd3738:EwtmwKCbGYl3A,1169619711:0kDZWoBIlEl9E,1168418078
parrye:i5Be4g1/65.cY,1170825269:KvwkhE5El.Uhk,1170387398:KzwZ.Q6tooTWo,1170050122:iYc0uZhp0RJ5I,1170050010
db3816:hnYLcwkQid.IE,1166511236
